
> oemreactsample@0.1.0 api /Users/jitender.kumar/my-app
> nodemon server/server.js --exec babel-node --presets es2015,stage-2

[33m[nodemon] 1.17.5[39m
[33m[nodemon] to restart at any time, enter `rs`[39m
[33m[nodemon] watching: *.*[39m
[32m[nodemon] starting `babel-node server/server.js --presets es2015,stage-2`[39m
No valid ENDPOINT was passed. Defaulting to Prod https://tray.io/graphql
Express started on port 3001 with Graphql endpoint https://tray.io/graphql

> oemreactsample@0.1.0 start /Users/jitender.kumar/my-app
> react-scripts start

[HPM] Proxy created: function(pathname) {
        return mayProxy(pathname) && pathname.match(context);
      }  ->  http://localhost:3001
Starting the development server...

Compiled with warnings.

./src/components/Workflow.js
  Line 17:   'deleteWorkflow' is defined but never used           no-unused-vars
  Line 140:  'deleteWorkflow' is assigned a value but never used  no-unused-vars

./src/views/IntegrationsMine.js
  Line 17:  Duplicate key 'margin'  no-dupe-keys

./src/components/Nav.js
  Line 22:  Duplicate key 'height'  no-dupe-keys

./src/components/auth/Auth.js
  Line 2:  'withRouter' is defined but never used  no-unused-vars

./src/components/DeleteDialog.js
  Line 3:  'Loading' is defined but never used  no-unused-vars

./src/components/Loading.js
  Line 5:  Useless constructor  no-useless-constructor

./src/components/View.js
  Line 7:  'theme' is assigned a value but never used  no-unused-vars

Search for the keywords to learn more about each warning.
To ignore, add // eslint-disable-next-line to the line before.

